c:\users\gyu\desktop\work\방학강의자료2015\day7\win32project1\win32project1\debug\vc120.pdb
c:\users\gyu\desktop\work\방학강의자료2015\day7\win32project1\win32project1\debug\vc120.idb
c:\users\gyu\desktop\work\방학강의자료2015\day7\win32project1\win32project1\debug\animation.obj
c:\users\gyu\desktop\work\방학강의자료2015\day7\win32project1\win32project1\debug\app.obj
c:\users\gyu\desktop\work\방학강의자료2015\day7\win32project1\win32project1\debug\background.obj
c:\users\gyu\desktop\work\방학강의자료2015\day7\win32project1\win32project1\debug\soundmanager.obj
c:\users\gyu\desktop\work\방학강의자료2015\day7\win32project1\win32project1\debug\font.obj
c:\users\gyu\desktop\work\방학강의자료2015\day7\win32project1\win32project1\debug\gamescene.obj
c:\users\gyu\desktop\work\방학강의자료2015\day7\win32project1\win32project1\debug\inputmanager.obj
c:\users\gyu\desktop\work\방학강의자료2015\day7\win32project1\win32project1\debug\iscene.obj
c:\users\gyu\desktop\work\방학강의자료2015\day7\win32project1\win32project1\debug\main.obj
c:\users\gyu\desktop\work\방학강의자료2015\day7\win32project1\win32project1\debug\resourcemanager.obj
c:\users\gyu\desktop\work\방학강의자료2015\day7\win32project1\win32project1\debug\scenemanager.obj
c:\users\gyu\desktop\work\방학강의자료2015\day7\win32project1\win32project1\debug\sprite.obj
c:\users\gyu\desktop\work\방학강의자료2015\day7\win32project1\win32project1\debug\player.obj
c:\users\gyu\desktop\work\방학강의자료2015\day7\win32project1\win32project1\debug\arrow.obj
c:\users\gyu\desktop\work\방학강의자료2015\day7\win32project1\debug\win32project1.ilk
c:\users\gyu\desktop\work\방학강의자료2015\day7\win32project1\debug\win32project1.exe
c:\users\gyu\desktop\work\방학강의자료2015\day7\win32project1\debug\win32project1.pdb
c:\users\gyu\desktop\work\방학강의자료2015\day7\win32project1\win32project1\debug\win32project1.tlog\cl.command.1.tlog
c:\users\gyu\desktop\work\방학강의자료2015\day7\win32project1\win32project1\debug\win32project1.tlog\cl.read.1.tlog
c:\users\gyu\desktop\work\방학강의자료2015\day7\win32project1\win32project1\debug\win32project1.tlog\cl.write.1.tlog
c:\users\gyu\desktop\work\방학강의자료2015\day7\win32project1\win32project1\debug\win32project1.tlog\link.command.1.tlog
c:\users\gyu\desktop\work\방학강의자료2015\day7\win32project1\win32project1\debug\win32project1.tlog\link.read.1.tlog
c:\users\gyu\desktop\work\방학강의자료2015\day7\win32project1\win32project1\debug\win32project1.tlog\link.write.1.tlog
