빌드 시작: 2015-08-03 오전 10:47:47
     1>2 노드의 "C:\Users\Gyu\Desktop\Work\방학강의자료2015\day5\Win32Project1\Win32Project1\Win32Project1.vcxproj" 프로젝트(Build 대상)입니다.
     1>ClCompile:
         D:\VisualStudio2013\VC\bin\CL.exe /c /ZI /nologo /W3 /WX- /sdl /Od /Oy- /D WIN32 /D _DEBUG /D _CONSOLE /D _LIB /D _UNICODE /D UNICODE /Gm /EHsc /RTC1 /MDd /GS /fp:precise /Zc:wchar_t /Zc:forScope /Fo"Debug\\" /Fd"Debug\vc120.pdb" /Gd /TP /analyze- /errorReport:prompt GameScene.cpp
         GameScene.cpp
     1>c:\users\gyu\desktop\work\방학강의자료2015\day5\win32project1\win32project1\gamescene.cpp(20): warning C4244: '인수' : 'int'에서 'float'(으)로 변환하면서 데이터가 손실될 수 있습니다.
       Link:
         D:\VisualStudio2013\VC\bin\link.exe /ERRORREPORT:PROMPT /OUT:"C:\Users\Gyu\Desktop\Work\방학강의자료2015\day5\Win32Project1\Debug\Win32Project1.exe" /INCREMENTAL /NOLOGO kernel32.lib user32.lib gdi32.lib winspool.lib comdlg32.lib advapi32.lib shell32.lib ole32.lib oleaut32.lib uuid.lib odbc32.lib odbccp32.lib /MANIFEST /MANIFESTUAC:"level='asInvoker' uiAccess='false'" /manifest:embed /DEBUG /PDB:"C:\Users\Gyu\Desktop\Work\방학강의자료2015\day5\Win32Project1\Debug\Win32Project1.pdb" /SUBSYSTEM:WINDOWS /TLBID:1 /DYNAMICBASE /NXCOMPAT /IMPLIB:"C:\Users\Gyu\Desktop\Work\방학강의자료2015\day5\Win32Project1\Debug\Win32Project1.lib" /MACHINE:X86 Debug\Animation.obj
         Debug\App.obj
         Debug\SoundManager.obj
         Debug\Font.obj
         Debug\GameScene.obj
         Debug\InputManager.obj
         Debug\IScene.obj
         Debug\main.obj
         Debug\ResourceManager.obj
         Debug\SceneManager.obj
         Debug\Sprite.obj
         Win32Project1.vcxproj -> C:\Users\Gyu\Desktop\Work\방학강의자료2015\day5\Win32Project1\Debug\Win32Project1.exe
     1>"C:\Users\Gyu\Desktop\Work\방학강의자료2015\day5\Win32Project1\Win32Project1\Win32Project1.vcxproj" 프로젝트를 빌드했습니다(Build 대상).

빌드했습니다.

경과 시간: 00:00:01.14
